<?xml version="1.0" encoding="UTF-8"?>
<!-- Generated by org.testng.reporters.JUnitReportReporter -->
<testsuite hostname="DESKTOP-OR6VU5V" name="BrowserCommands.TestMethods1" tests="1" failures="0" timestamp="1 Aug 2020 19:06:32 GMT" time="15.419" errors="0">
  <testcase name="BrowserCommands" time="15.419" classname="BrowserCommands.TestMethods1"/>
</testsuite> <!-- BrowserCommands.TestMethods1 -->
