<?xml version="1.0" encoding="UTF-8"?>
<!-- Generated by org.testng.reporters.JUnitReportReporter -->
<testsuite hostname="DESKTOP-OR6VU5V" name="WebElementCommands.TestMethods3" tests="1" failures="0" timestamp="1 Aug 2020 19:01:17 GMT" time="11.513" errors="0">
  <testcase name="BrowserCommands" time="11.513" classname="WebElementCommands.TestMethods3"/>
</testsuite> <!-- WebElementCommands.TestMethods3 -->
