<?xml version="1.0" encoding="UTF-8"?>
<!-- Generated by org.testng.reporters.JUnitReportReporter -->
<testsuite hostname="DESKTOP-OR6VU5V" name="BrowserCommands.TestMethods" tests="1" failures="0" timestamp="1 Aug 2020 13:24:14 GMT" time="15.128" errors="0">
  <testcase name="BrowserCommands" time="15.128" classname="BrowserCommands.TestMethods"/>
</testsuite> <!-- BrowserCommands.TestMethods -->
